archive: None -> <Module archive /home/brandyn/downloads/pyinstaller-1.5-rc1/archive.pyc imports=[('marshal', 0, 0, -1), ('struct', 0, 0, -1), ('imp', 0, 0, -1), ('sys', 0, 0, -1), ('iu', 0, 0, -1), ('imp', 1, 0, -1), ('os', 1, 1, -1), ('zlib', 1, 1, -1), ('AES', 1, 1, -1), ('os', 1, 1, -1)] binaries=[] datas=[]>
marshal: None -> <Module marshal None imports=[] binaries=[] datas=[]>
struct: None -> <Module struct /usr/lib/python2.6/struct.pyc imports=[('_struct', 0, 0, -1), ('_struct.*', 0, 0, -1), ('_struct', 0, 0, -1), ('_struct._clearcache', 0, 0, -1), ('_struct', 0, 0, -1), ('_struct.__doc__', 0, 0, -1)] binaries=[] datas=[]>
imp: None -> <Module imp None imports=[] binaries=[] datas=[]>
sys: None -> <Module sys None imports=[] binaries=[] datas=[]>
iu: None -> <Module iu /home/brandyn/downloads/pyinstaller-1.5-rc1/iu.pyc imports=[('sys', 0, 0, -1), ('imp', 0, 0, -1), ('marshal', 0, 0, -1), ('zipimport', 0, 0, -1), ('win32api', 1, 0, -1), ('__builtin__', 1, 0, -1), ('posix', 1, 1, -1), ('posix.stat', 1, 1, -1), ('posix.getcwd', 1, 1, -1), ('posix.environ', 1, 1, -1), ('posix.listdir', 1, 1, -1), ('nt', 1, 1, -1), ('nt.stat', 1, 1, -1), ('nt.getcwd', 1, 1, -1), ('nt.environ', 1, 1, -1), ('nt.listdir', 1, 1, -1), ('dos', 1, 1, -1), ('dos.stat', 1, 1, -1), ('dos.getcwd', 1, 1, -1), ('dos.environ', 1, 1, -1), ('dos.listdir', 1, 1, -1), ('os2', 1, 1, -1), ('os2.stat', 1, 1, -1), ('os2.getcwd', 1, 1, -1), ('os2.environ', 1, 1, -1), ('os2.listdir', 1, 1, -1), ('mac', 1, 1, -1), ('mac.stat', 1, 1, -1), ('mac.getcwd', 1, 1, -1), ('mac.environ', 1, 1, -1), ('mac.listdir', 1, 1, -1)] binaries=[] datas=[]>
os: None -> <Module os /usr/lib/python2.6/os.pyc imports=[('sys', 0, 0, -1), ('errno', 0, 0, -1), ('posix', 0, 1, -1), ('posix.*', 0, 1, -1), ('posix', 0, 1, -1), ('posix._exit', 0, 1, -1), ('posixpath', 0, 1, -1), ('posix', 0, 1, -1), ('nt', 0, 1, -1), ('nt.*', 0, 1, -1), ('nt', 0, 1, -1), ('nt._exit', 0, 1, -1), ('ntpath', 0, 1, -1), ('nt', 0, 1, -1), ('os2', 0, 1, -1), ('os2.*', 0, 1, -1), ('os2', 0, 1, -1), ('os2._exit', 0, 1, -1), ('ntpath', 0, 1, -1), ('os2emxpath', 0, 1, -1), ('_emx_link', 0, 1, -1), ('_emx_link.link', 0, 1, -1), ('os2', 0, 1, -1), ('ce', 0, 1, -1), ('ce.*', 0, 1, -1), ('ce', 0, 1, -1), ('ce._exit', 0, 1, -1), ('ntpath', 0, 1, -1), ('ce', 0, 1, -1), ('riscos', 0, 1, -1), ('riscos.*', 0, 1, -1), ('riscos', 0, 1, -1), ('riscos._exit', 0, 1, -1), ('riscospath', 0, 1, -1), ('riscos', 0, 1, -1), ('os.path', 0, 0, -1), ('os.path.curdir', 0, 0, -1), ('os.path.pardir', 0, 0, -1), ('os.path.sep', 0, 0, -1), ('os.path.pathsep', 0, 0, -1), ('os.path.defpath', 0, 0, -1), ('os.path.extsep', 0, 0, -1), ('os.path.altsep', 0, 0, -1), ('os.path.devnull', 0, 0, -1), ('UserDict', 0, 1, -1), ('riscosenviron', 0, 1, -1), ('riscosenviron._Environ', 0, 1, -1), ('copy_reg', 0, 0, -1), ('os.path', 1, 0, -1), ('os.path.join', 1, 0, -1), ('os.path.isdir', 1, 0, -1), ('os.path.islink', 1, 0, -1), ('warnings', 1, 0, -1), ('subprocess', 1, 0, -1), ('warnings', 1, 0, -1), ('subprocess', 1, 0, -1), ('warnings', 1, 0, -1), ('subprocess', 1, 0, -1)] binaries=[] datas=[]>
zlib: None -> <Module zlib None imports=[] binaries=[] datas=[]>
AES: None -> None
  DEL AES
_struct: None -> <Module _struct None imports=[] binaries=[] datas=[]>
zipimport: None -> <Module zipimport None imports=[] binaries=[] datas=[]>
__builtin__: None -> <Module __builtin__ None imports=[] binaries=[] datas=[]>
posix: None -> <Module posix None imports=[] binaries=[] datas=[]>
errno: None -> <Module errno None imports=[] binaries=[] datas=[]>
posixpath: None -> <Module posixpath /usr/lib/python2.6/posixpath.pyc imports=[('os', 0, 0, -1), ('stat', 0, 0, -1), ('genericpath', 0, 0, -1), ('warnings', 0, 0, -1), ('genericpath', 0, 0, -1), ('genericpath.*', 0, 0, -1), ('pwd', 1, 1, -1), ('pwd', 1, 1, -1), ('re', 1, 1, -1)] binaries=[] datas=[]>
os2emxpath: None -> <Module os2emxpath /usr/lib/python2.6/os2emxpath.pyc imports=[('os', 0, 0, -1), ('stat', 0, 0, -1), ('genericpath', 0, 0, -1), ('genericpath.*', 0, 0, -1), ('ntpath', 0, 0, -1), ('ntpath.expanduser', 0, 0, -1), ('ntpath.expandvars', 0, 0, -1), ('ntpath.isabs', 0, 0, -1), ('ntpath.islink', 0, 0, -1), ('ntpath.splitdrive', 0, 0, -1), ('ntpath.splitext', 0, 0, -1), ('ntpath.split', 0, 0, -1), ('ntpath.walk', 0, 0, -1)] binaries=[] datas=[]>
_emx_link: None -> None
  DEL _emx_link
_emx_link: None -> None
  DEL _emx_link
UserDict: None -> <Module UserDict /usr/lib/python2.6/UserDict.pyc imports=[('_abcoll', 0, 0, -1), ('copy', 1, 0, -1)] binaries=[] datas=[]>
copy_reg: None -> <Module copy_reg /usr/lib/python2.6/copy_reg.pyc imports=[('types', 0, 0, -1), ('types.ClassType', 0, 0, -1)] binaries=[] datas=[]>
warnings: None -> <Module warnings /usr/lib/python2.6/warnings.pyc imports=[('linecache', 0, 0, -1), ('sys', 0, 0, -1), ('types', 0, 0, -1), ('_warnings', 0, 0, -1), ('_warnings.filters', 0, 0, -1), ('_warnings.default_action', 0, 0, -1), ('_warnings.once_registry', 0, 0, -1), ('_warnings.warn', 0, 0, -1), ('_warnings.warn_explicit', 0, 0, -1), ('re', 1, 0, -1), ('re', 1, 0, -1), ('re', 1, 0, -1)] binaries=[] datas=[]>
subprocess: None -> <Module subprocess /usr/lib/python2.6/subprocess.pyc imports=[('sys', 0, 0, -1), ('os', 0, 0, -1), ('types', 0, 0, -1), ('traceback', 0, 0, -1), ('gc', 0, 0, -1), ('signal', 0, 0, -1), ('_subprocess', 0, 1, -1), ('_subprocess.CREATE_NEW_CONSOLE', 0, 1, -1), ('threading', 0, 1, -1), ('msvcrt', 0, 1, -1), ('_subprocess', 0, 1, -1), ('select', 0, 1, -1), ('errno', 0, 1, -1), ('fcntl', 0, 1, -1), ('pickle', 0, 1, -1)] binaries=[] datas=[]>
stat: None -> <Module stat /usr/lib/python2.6/stat.pyc imports=[] binaries=[] datas=[]>
genericpath: None -> <Module genericpath /usr/lib/python2.6/genericpath.pyc imports=[('os', 0, 0, -1), ('stat', 0, 0, -1)] binaries=[] datas=[]>
pwd: None -> <Module pwd None imports=[] binaries=[] datas=[]>
re: None -> <Module re /usr/lib/python2.6/re.pyc imports=[('sys', 0, 0, -1), ('sre_compile', 0, 0, -1), ('sre_parse', 0, 0, -1), ('copy_reg', 0, 0, -1), ('sre_constants', 1, 0, -1), ('sre_constants.BRANCH', 1, 0, -1), ('sre_constants.SUBPATTERN', 1, 0, -1)] binaries=[] datas=[]>
linecache: None -> <Module linecache /usr/lib/python2.6/linecache.pyc imports=[('sys', 0, 0, -1), ('os', 0, 0, -1)] binaries=[] datas=[]>
types: None -> <Module types /usr/lib/python2.6/types.pyc imports=[('sys', 0, 0, -1)] binaries=[] datas=[]>
_warnings: None -> <Module _warnings None imports=[] binaries=[] datas=[]>
sre_compile: None -> <Module sre_compile /usr/lib/python2.6/sre_compile.pyc imports=[('_sre', 0, 0, -1), ('sys', 0, 0, -1), ('sre_parse', 0, 0, -1), ('sre_constants', 0, 0, -1), ('sre_constants.*', 0, 0, -1), ('array', 1, 0, -1)] binaries=[] datas=[]>
sre_parse: None -> <Module sre_parse /usr/lib/python2.6/sre_parse.pyc imports=[('sys', 0, 0, -1), ('sre_constants', 0, 0, -1), ('sre_constants.*', 0, 0, -1)] binaries=[] datas=[]>
sre_constants: None -> <Module sre_constants /usr/lib/python2.6/sre_constants.pyc imports=[] binaries=[] datas=[]>
_sre: None -> <Module _sre None imports=[] binaries=[] datas=[]>
array: None -> <Module array None imports=[] binaries=[] datas=[]>
ntpath: None -> <Module ntpath /usr/lib/python2.6/ntpath.pyc imports=[('os', 0, 0, -1), ('sys', 0, 0, -1), ('stat', 0, 0, -1), ('genericpath', 0, 0, -1), ('warnings', 0, 0, -1), ('genericpath', 0, 0, -1), ('genericpath.*', 0, 0, -1), ('nt', 0, 0, -1), ('nt._getfullpathname', 0, 0, -1), ('string', 1, 0, -1)] binaries=[] datas=[]>
nt: None -> None
  DEL nt
nt: None -> None
  DEL nt
string: None -> <Module string /usr/lib/python2.6/string.pyc imports=[('re', 0, 0, -1), ('strop', 0, 0, -1), ('strop.maketrans', 0, 0, -1), ('strop.lowercase', 0, 0, -1), ('strop.uppercase', 0, 0, -1), ('strop.whitespace', 0, 0, -1)] binaries=[] datas=[]>
strop: None -> <Module strop None imports=[] binaries=[] datas=[]>
_abcoll: None -> <Module _abcoll /usr/lib/python2.6/_abcoll.pyc imports=[('abc', 0, 0, -1), ('abc.ABCMeta', 0, 0, -1), ('abc.abstractmethod', 0, 0, -1), ('sys', 0, 0, -1)] binaries=[] datas=[]>
copy: None -> <Module copy /usr/lib/python2.6/copy.pyc imports=[('types', 0, 0, -1), ('copy_reg', 0, 0, -1), ('copy_reg.dispatch_table', 0, 0, -1), ('org.python.core', 0, 0, -1), ('org.python.core.PyStringMap', 0, 0, -1), ('repr', 1, 0, -1), ('repr', 1, 0, -1), ('sys', 1, 1, -1)] binaries=[] datas=[]>
abc: None -> <Module abc /usr/lib/python2.6/abc.pyc imports=[] binaries=[] datas=[]>
org: None -> None
  DEL org
org: None -> None
  DEL org
repr: None -> <Module repr /usr/lib/python2.6/repr.pyc imports=[('__builtin__', 0, 0, -1), ('itertools', 0, 0, -1), ('itertools.islice', 0, 0, -1)] binaries=[] datas=[]>
itertools: None -> <Module itertools None imports=[] binaries=[] datas=[]>
traceback: None -> <Module traceback /usr/lib/python2.6/traceback.pyc imports=[('linecache', 0, 0, -1), ('sys', 0, 0, -1), ('types', 0, 0, -1)] binaries=[] datas=[]>
gc: None -> <Module gc None imports=[] binaries=[] datas=[]>
signal: None -> <Module signal None imports=[] binaries=[] datas=[]>
_subprocess: None -> None
  DEL _subprocess
_subprocess: None -> None
  DEL _subprocess
threading: None -> <Module threading /usr/lib/python2.6/threading.pyc imports=[('sys', 0, 0, -1), ('thread', 0, 0, -1), ('warnings', 0, 0, -1), ('functools', 0, 0, -1), ('functools.wraps', 0, 0, -1), ('time', 0, 0, -1), ('time.time', 0, 0, -1), ('time.sleep', 0, 0, -1), ('traceback', 0, 0, -1), ('traceback.format_exc', 0, 0, -1), ('collections', 0, 0, -1), ('collections.deque', 0, 0, -1), ('thread', 0, 0, -1), ('thread.stack_size', 0, 0, -1), ('thread', 0, 0, -1), ('thread._local', 0, 0, -1), ('_threading_local', 0, 1, -1), ('_threading_local.local', 0, 1, -1), ('random', 1, 0, -1), ('random.random', 1, 0, -1)] binaries=[] datas=[]>
msvcrt: None -> None
  DEL msvcrt
_subprocess: None -> None
  DEL _subprocess
select: None -> <Module select None imports=[] binaries=[] datas=[]>
fcntl: None -> <Module fcntl None imports=[] binaries=[] datas=[]>
pickle: None -> <Module pickle /usr/lib/python2.6/pickle.pyc imports=[('types', 0, 0, -1), ('types.*', 0, 0, -1), ('copy_reg', 0, 0, -1), ('copy_reg.dispatch_table', 0, 0, -1), ('copy_reg', 0, 0, -1), ('copy_reg._extension_registry', 0, 0, -1), ('copy_reg._inverted_registry', 0, 0, -1), ('copy_reg._extension_cache', 0, 0, -1), ('marshal', 0, 0, -1), ('sys', 0, 0, -1), ('struct', 0, 0, -1), ('re', 0, 0, -1), ('org.python.core', 0, 0, -1), ('org.python.core.PyStringMap', 0, 0, -1), ('binascii', 0, 0, -1), ('cStringIO', 0, 0, -1), ('cStringIO.StringIO', 0, 0, -1), ('StringIO', 0, 1, -1), ('StringIO.StringIO', 0, 1, -1), ('doctest', 1, 0, -1)] binaries=[] datas=[]>
thread: None -> <Module thread None imports=[] binaries=[] datas=[]>
functools: None -> <Module functools /usr/lib/python2.6/functools.pyc imports=[('_functools', 0, 0, -1), ('_functools.partial', 0, 0, -1), ('_functools.reduce', 0, 0, -1)] binaries=[] datas=[]>
time: None -> <Module time None imports=[] binaries=[] datas=[]>
collections: None -> <Module collections /usr/lib/python2.6/collections.pyc imports=[('_abcoll', 0, 0, -1), ('_abcoll.*', 0, 0, -1), ('_abcoll', 0, 0, -1), ('_collections', 0, 0, -1), ('_collections.deque', 0, 0, -1), ('_collections.defaultdict', 0, 0, -1), ('operator', 0, 0, -1), ('operator.itemgetter', 0, 0, -1), ('keyword', 0, 0, -1), ('keyword.iskeyword', 0, 0, -1), ('sys', 0, 0, -1), ('cPickle', 0, 1, -1), ('cPickle.loads', 0, 1, -1), ('cPickle.dumps', 0, 1, -1), ('doctest', 0, 1, -1)] binaries=[] datas=[]>
_threading_local: None -> <Module _threading_local /usr/lib/python2.6/_threading_local.pyc imports=[('threading', 0, 0, -1), ('threading.current_thread', 0, 0, -1), ('threading.RLock', 0, 0, -1), ('threading', 1, 0, -1)] binaries=[] datas=[]>
random: None -> <Module random /usr/lib/python2.6/random.pyc imports=[('__future__', 0, 0, -1), ('__future__.division', 0, 0, -1), ('warnings', 0, 0, -1), ('warnings.warn', 0, 0, -1), ('types', 0, 0, -1), ('types.MethodType', 0, 0, -1), ('types.BuiltinMethodType', 0, 0, -1), ('math', 0, 0, -1), ('math.log', 0, 0, -1), ('math.exp', 0, 0, -1), ('math.pi', 0, 0, -1), ('math.e', 0, 0, -1), ('math.ceil', 0, 0, -1), ('math', 0, 0, -1), ('math.sqrt', 0, 0, -1), ('math.acos', 0, 0, -1), ('math.cos', 0, 0, -1), ('math.sin', 0, 0, -1), ('os', 0, 0, -1), ('os.urandom', 0, 0, -1), ('binascii', 0, 0, -1), ('binascii.hexlify', 0, 0, -1), ('_random', 0, 0, -1), ('time', 1, 1, -1), ('time', 1, 1, -1), ('time', 1, 1, -1), ('time', 1, 0, -1)] binaries=[] datas=[]>
_functools: None -> <Module _functools None imports=[] binaries=[] datas=[]>
_strptime: None -> <Module _strptime /usr/lib/python2.6/_strptime.pyc imports=[('time', 0, 0, -1), ('locale', 0, 0, -1), ('calendar', 0, 0, -1), ('re', 0, 0, -1), ('re.compile', 0, 0, -1), ('re', 0, 0, -1), ('re.IGNORECASE', 0, 0, -1), ('re', 0, 0, -1), ('re.escape', 0, 0, -1), ('datetime', 0, 0, -1), ('datetime.date', 0, 0, -1), ('thread', 0, 0, -1), ('thread.allocate_lock', 0, 0, -1), ('dummy_thread', 0, 0, -1), ('dummy_thread.allocate_lock', 0, 0, -1)] binaries=[] datas=[]>
locale: None -> <Module locale /usr/lib/python2.6/locale.pyc imports=[('sys', 0, 0, -1), ('encodings', 0, 0, -1), ('encodings.aliases', 0, 0, -1), ('functools', 0, 0, -1), ('_locale', 0, 0, -1), ('_locale.*', 0, 0, -1), ('re', 0, 0, -1), ('operator', 0, 0, -1), ('_locale', 1, 0, -1), ('os', 1, 0, -1), ('_locale', 1, 0, -1)] binaries=[] datas=[]>
calendar: None -> <Module calendar /usr/lib/python2.6/calendar.pyc imports=[('sys', 0, 0, -1), ('datetime', 0, 0, -1), ('locale', 0, 0, -1), ('optparse', 1, 0, -1)] binaries=[] datas=[]>
datetime: None -> <Module datetime /usr/lib/python2.6/lib-dynload/datetime.so imports=[] binaries=[] datas=[]>
dummy_thread: None -> <Module dummy_thread /usr/lib/python2.6/dummy_thread.pyc imports=[('traceback', 0, 0, -1)] binaries=[] datas=[]>
encodings: None -> <Module encodings /usr/lib/python2.6/encodings/__init__.pyc imports=[('codecs', 0, 0, -1), ('encodings', 0, 0, -1), ('encodings.aliases', 0, 0, -1), ('__builtin__', 0, 0, -1)] binaries=[] datas=[]>
encodings.aliases: None -> <Module encodings.aliases /usr/lib/python2.6/encodings/aliases.pyc imports=[] binaries=[] datas=[]>
_locale: None -> <Module _locale None imports=[] binaries=[] datas=[]>
operator: None -> <Module operator None imports=[] binaries=[] datas=[]>
encodings.codecs: None -> None
codecs: None -> <Module codecs /usr/lib/python2.6/codecs.pyc imports=[('__builtin__', 0, 0, -1), ('sys', 0, 0, -1), ('_codecs', 0, 0, -1), ('_codecs.*', 0, 0, -1), ('encodings', 0, 1, -1)] binaries=[] datas=[]>
encodings.encodings: None -> None
encodings.__builtin__: None -> None
encodings.quopri_codec: None -> <Module encodings.quopri_codec /usr/lib/python2.6/encodings/quopri_codec.pyc imports=[('codecs', 0, 0, -1), ('quopri', 0, 0, -1), ('cStringIO', 0, 0, -1), ('cStringIO.StringIO', 0, 0, -1), ('StringIO', 0, 1, -1), ('StringIO.StringIO', 0, 1, -1)] binaries=[] datas=[]>
encodings.base64_codec: None -> <Module encodings.base64_codec /usr/lib/python2.6/encodings/base64_codec.pyc imports=[('codecs', 0, 0, -1), ('base64', 0, 0, -1)] binaries=[] datas=[]>
encodings.mbcs: None -> <Module encodings.mbcs /usr/lib/python2.6/encodings/mbcs.pyc imports=[('codecs', 0, 0, -1), ('codecs.mbcs_encode', 0, 0, -1), ('codecs.mbcs_decode', 0, 0, -1), ('codecs', 0, 0, -1)] binaries=[] datas=[]>
encodings.koi8_u: None -> <Module encodings.koi8_u /usr/lib/python2.6/encodings/koi8_u.pyc imports=[('codecs', 0, 0, -1)] binaries=[] datas=[]>
encodings.cp866: None -> <Module encodings.cp866 /usr/lib/python2.6/encodings/cp866.pyc imports=[('codecs', 0, 0, -1)] binaries=[] datas=[]>
encodings.utf_32_be: None -> <Module encodings.utf_32_be /usr/lib/python2.6/encodings/utf_32_be.pyc imports=[('codecs', 0, 0, -1)] binaries=[] datas=[]>
encodings.big5hkscs: None -> <Module encodings.big5hkscs /usr/lib/python2.6/encodings/big5hkscs.pyc imports=[('_codecs_hk', 0, 0, -1), ('codecs', 0, 0, -1), ('_multibytecodec', 0, 0, -1)] binaries=[] datas=[]>
encodings.cp1258: None -> <Module encodings.cp1258 /usr/lib/python2.6/encodings/cp1258.pyc imports=[('codecs', 0, 0, -1)] binaries=[] datas=[]>
encodings.cp863: None -> <Module encodings.cp863 /usr/lib/python2.6/encodings/cp863.pyc imports=[('codecs', 0, 0, -1)] binaries=[] datas=[]>
encodings.mac_turkish: None -> <Module encodings.mac_turkish /usr/lib/python2.6/encodings/mac_turkish.pyc imports=[('codecs', 0, 0, -1)] binaries=[] datas=[]>
encodings.iso2022_jp: None -> <Module encodings.iso2022_jp /usr/lib/python2.6/encodings/iso2022_jp.pyc imports=[('_codecs_iso2022', 0, 0, -1), ('codecs', 0, 0, -1), ('_multibytecodec', 0, 0, -1)] binaries=[] datas=[]>
encodings.cp500: None -> <Module encodings.cp500 /usr/lib/python2.6/encodings/cp500.pyc imports=[('codecs', 0, 0, -1)] binaries=[] datas=[]>
encodings.utf_8_sig: None -> <Module encodings.utf_8_sig /usr/lib/python2.6/encodings/utf_8_sig.pyc imports=[('codecs', 0, 0, -1)] binaries=[] datas=[]>
encodings.cp737: None -> <Module encodings.cp737 /usr/lib/python2.6/encodings/cp737.pyc imports=[('codecs', 0, 0, -1)] binaries=[] datas=[]>
encodings.euc_jis_2004: None -> <Module encodings.euc_jis_2004 /usr/lib/python2.6/encodings/euc_jis_2004.pyc imports=[('_codecs_jp', 0, 0, -1), ('codecs', 0, 0, -1), ('_multibytecodec', 0, 0, -1)] binaries=[] datas=[]>
encodings.mac_arabic: None -> <Module encodings.mac_arabic /usr/lib/python2.6/encodings/mac_arabic.pyc imports=[('codecs', 0, 0, -1)] binaries=[] datas=[]>
encodings.mac_latin2: None -> <Module encodings.mac_latin2 /usr/lib/python2.6/encodings/mac_latin2.pyc imports=[('codecs', 0, 0, -1)] binaries=[] datas=[]>
encodings.hz: None -> <Module encodings.hz /usr/lib/python2.6/encodings/hz.pyc imports=[('_codecs_cn', 0, 0, -1), ('codecs', 0, 0, -1), ('_multibytecodec', 0, 0, -1)] binaries=[] datas=[]>
encodings.cp424: None -> <Module encodings.cp424 /usr/lib/python2.6/encodings/cp424.pyc imports=[('codecs', 0, 0, -1)] binaries=[] datas=[]>
encodings.latin_1: None -> <Module encodings.latin_1 /usr/lib/python2.6/encodings/latin_1.pyc imports=[('codecs', 0, 0, -1)] binaries=[] datas=[]>
encodings.koi8_r: None -> <Module encodings.koi8_r /usr/lib/python2.6/encodings/koi8_r.pyc imports=[('codecs', 0, 0, -1)] binaries=[] datas=[]>
encodings.cp869: None -> <Module encodings.cp869 /usr/lib/python2.6/encodings/cp869.pyc imports=[('codecs', 0, 0, -1)] binaries=[] datas=[]>
encodings.uu_codec: None -> <Module encodings.uu_codec /usr/lib/python2.6/encodings/uu_codec.pyc imports=[('codecs', 0, 0, -1), ('binascii', 0, 0, -1), ('cStringIO', 1, 0, -1), ('cStringIO.StringIO', 1, 0, -1), ('binascii', 1, 0, -1), ('binascii.b2a_uu', 1, 0, -1), ('cStringIO', 1, 0, -1), ('cStringIO.StringIO', 1, 0, -1), ('binascii', 1, 0, -1), ('binascii.a2b_uu', 1, 0, -1)] binaries=[] datas=[]>
encodings.mac_croatian: None -> <Module encodings.mac_croatian /usr/lib/python2.6/encodings/mac_croatian.pyc imports=[('codecs', 0, 0, -1)] binaries=[] datas=[]>
encodings.rot_13: None -> <Module encodings.rot_13 /usr/lib/python2.6/encodings/rot_13.pyc imports=[('codecs', 0, 0, -1), ('sys', 0, 1, -1)] binaries=[] datas=[]>
encodings.raw_unicode_escape: None -> <Module encodings.raw_unicode_escape /usr/lib/python2.6/encodings/raw_unicode_escape.pyc imports=[('codecs', 0, 0, -1)] binaries=[] datas=[]>
encodings.cp1253: None -> <Module encodings.cp1253 /usr/lib/python2.6/encodings/cp1253.pyc imports=[('codecs', 0, 0, -1)] binaries=[] datas=[]>
encodings.cp857: None -> <Module encodings.cp857 /usr/lib/python2.6/encodings/cp857.pyc imports=[('codecs', 0, 0, -1)] binaries=[] datas=[]>
encodings.cp875: None -> <Module encodings.cp875 /usr/lib/python2.6/encodings/cp875.pyc imports=[('codecs', 0, 0, -1)] binaries=[] datas=[]>
encodings.hex_codec: None -> <Module encodings.hex_codec /usr/lib/python2.6/encodings/hex_codec.pyc imports=[('codecs', 0, 0, -1), ('binascii', 0, 0, -1)] binaries=[] datas=[]>
encodings.utf_16_le: None -> <Module encodings.utf_16_le /usr/lib/python2.6/encodings/utf_16_le.pyc imports=[('codecs', 0, 0, -1)] binaries=[] datas=[]>
encodings.cp949: None -> <Module encodings.cp949 /usr/lib/python2.6/encodings/cp949.pyc imports=[('_codecs_kr', 0, 0, -1), ('codecs', 0, 0, -1), ('_multibytecodec', 0, 0, -1)] binaries=[] datas=[]>
encodings.utf_8: None -> <Module encodings.utf_8 /usr/lib/python2.6/encodings/utf_8.pyc imports=[('codecs', 0, 0, -1)] binaries=[] datas=[]>
encodings.mac_greek: None -> <Module encodings.mac_greek /usr/lib/python2.6/encodings/mac_greek.pyc imports=[('codecs', 0, 0, -1)] binaries=[] datas=[]>
encodings.euc_jisx0213: None -> <Module encodings.euc_jisx0213 /usr/lib/python2.6/encodings/euc_jisx0213.pyc imports=[('_codecs_jp', 0, 0, -1), ('codecs', 0, 0, -1), ('_multibytecodec', 0, 0, -1)] binaries=[] datas=[]>
encodings.cp1254: None -> <Module encodings.cp1254 /usr/lib/python2.6/encodings/cp1254.pyc imports=[('codecs', 0, 0, -1)] binaries=[] datas=[]>
encodings.iso8859_14: None -> <Module encodings.iso8859_14 /usr/lib/python2.6/encodings/iso8859_14.pyc imports=[('codecs', 0, 0, -1)] binaries=[] datas=[]>
encodings.cp1006: None -> <Module encodings.cp1006 /usr/lib/python2.6/encodings/cp1006.pyc imports=[('codecs', 0, 0, -1)] binaries=[] datas=[]>
encodings.iso8859_3: None -> <Module encodings.iso8859_3 /usr/lib/python2.6/encodings/iso8859_3.pyc imports=[('codecs', 0, 0, -1)] binaries=[] datas=[]>
encodings.cp1256: None -> <Module encodings.cp1256 /usr/lib/python2.6/encodings/cp1256.pyc imports=[('codecs', 0, 0, -1)] binaries=[] datas=[]>
encodings.iso8859_16: None -> <Module encodings.iso8859_16 /usr/lib/python2.6/encodings/iso8859_16.pyc imports=[('codecs', 0, 0, -1)] binaries=[] datas=[]>
encodings.mac_iceland: None -> <Module encodings.mac_iceland /usr/lib/python2.6/encodings/mac_iceland.pyc imports=[('codecs', 0, 0, -1)] binaries=[] datas=[]>
encodings.iso8859_2: None -> <Module encodings.iso8859_2 /usr/lib/python2.6/encodings/iso8859_2.pyc imports=[('codecs', 0, 0, -1)] binaries=[] datas=[]>
encodings.ptcp154: None -> <Module encodings.ptcp154 /usr/lib/python2.6/encodings/ptcp154.pyc imports=[('codecs', 0, 0, -1)] binaries=[] datas=[]>
encodings.mac_roman: None -> <Module encodings.mac_roman /usr/lib/python2.6/encodings/mac_roman.pyc imports=[('codecs', 0, 0, -1)] binaries=[] datas=[]>
encodings.iso2022_kr: None -> <Module encodings.iso2022_kr /usr/lib/python2.6/encodings/iso2022_kr.pyc imports=[('_codecs_iso2022', 0, 0, -1), ('codecs', 0, 0, -1), ('_multibytecodec', 0, 0, -1)] binaries=[] datas=[]>
encodings.euc_kr: None -> <Module encodings.euc_kr /usr/lib/python2.6/encodings/euc_kr.pyc imports=[('_codecs_kr', 0, 0, -1), ('codecs', 0, 0, -1), ('_multibytecodec', 0, 0, -1)] binaries=[] datas=[]>
encodings.cp1252: None -> <Module encodings.cp1252 /usr/lib/python2.6/encodings/cp1252.pyc imports=[('codecs', 0, 0, -1)] binaries=[] datas=[]>
encodings.cp850: None -> <Module encodings.cp850 /usr/lib/python2.6/encodings/cp850.pyc imports=[('codecs', 0, 0, -1)] binaries=[] datas=[]>
encodings.gb2312: None -> <Module encodings.gb2312 /usr/lib/python2.6/encodings/gb2312.pyc imports=[('_codecs_cn', 0, 0, -1), ('codecs', 0, 0, -1), ('_multibytecodec', 0, 0, -1)] binaries=[] datas=[]>
encodings.ascii: None -> <Module encodings.ascii /usr/lib/python2.6/encodings/ascii.pyc imports=[('codecs', 0, 0, -1)] binaries=[] datas=[]>
encodings.cp437: None -> <Module encodings.cp437 /usr/lib/python2.6/encodings/cp437.pyc imports=[('codecs', 0, 0, -1)] binaries=[] datas=[]>
encodings.cp856: None -> <Module encodings.cp856 /usr/lib/python2.6/encodings/cp856.pyc imports=[('codecs', 0, 0, -1)] binaries=[] datas=[]>
encodings.utf_32: None -> <Module encodings.utf_32 /usr/lib/python2.6/encodings/utf_32.pyc imports=[('codecs', 0, 0, -1), ('sys', 0, 0, -1)] binaries=[] datas=[]>
encodings.bz2_codec: None -> <Module encodings.bz2_codec /usr/lib/python2.6/encodings/bz2_codec.pyc imports=[('codecs', 0, 0, -1), ('bz2', 0, 0, -1)] binaries=[] datas=[]>
encodings.cp861: None -> <Module encodings.cp861 /usr/lib/python2.6/encodings/cp861.pyc imports=[('codecs', 0, 0, -1)] binaries=[] datas=[]>
encodings.cp860: None -> <Module encodings.cp860 /usr/lib/python2.6/encodings/cp860.pyc imports=[('codecs', 0, 0, -1)] binaries=[] datas=[]>
encodings.mac_farsi: None -> <Module encodings.mac_farsi /usr/lib/python2.6/encodings/mac_farsi.pyc imports=[('codecs', 0, 0, -1)] binaries=[] datas=[]>
encodings.johab: None -> <Module encodings.johab /usr/lib/python2.6/encodings/johab.pyc imports=[('_codecs_kr', 0, 0, -1), ('codecs', 0, 0, -1), ('_multibytecodec', 0, 0, -1)] binaries=[] datas=[]>
encodings.iso8859_9: None -> <Module encodings.iso8859_9 /usr/lib/python2.6/encodings/iso8859_9.pyc imports=[('codecs', 0, 0, -1)] binaries=[] datas=[]>
encodings.utf_32_le: None -> <Module encodings.utf_32_le /usr/lib/python2.6/encodings/utf_32_le.pyc imports=[('codecs', 0, 0, -1)] binaries=[] datas=[]>
encodings.cp855: None -> <Module encodings.cp855 /usr/lib/python2.6/encodings/cp855.pyc imports=[('codecs', 0, 0, -1)] binaries=[] datas=[]>
encodings.cp1026: None -> <Module encodings.cp1026 /usr/lib/python2.6/encodings/cp1026.pyc imports=[('codecs', 0, 0, -1)] binaries=[] datas=[]>
encodings.mac_centeuro: None -> <Module encodings.mac_centeuro /usr/lib/python2.6/encodings/mac_centeuro.pyc imports=[('codecs', 0, 0, -1)] binaries=[] datas=[]>
encodings.euc_jp: None -> <Module encodings.euc_jp /usr/lib/python2.6/encodings/euc_jp.pyc imports=[('_codecs_jp', 0, 0, -1), ('codecs', 0, 0, -1), ('_multibytecodec', 0, 0, -1)] binaries=[] datas=[]>
encodings.cp037: None -> <Module encodings.cp037 /usr/lib/python2.6/encodings/cp037.pyc imports=[('codecs', 0, 0, -1)] binaries=[] datas=[]>
encodings.iso2022_jp_3: None -> <Module encodings.iso2022_jp_3 /usr/lib/python2.6/encodings/iso2022_jp_3.pyc imports=[('_codecs_iso2022', 0, 0, -1), ('codecs', 0, 0, -1), ('_multibytecodec', 0, 0, -1)] binaries=[] datas=[]>
encodings.zlib_codec: None -> <Module encodings.zlib_codec /usr/lib/python2.6/encodings/zlib_codec.pyc imports=[('codecs', 0, 0, -1), ('zlib', 0, 0, -1)] binaries=[] datas=[]>
encodings.punycode: None -> <Module encodings.punycode /usr/lib/python2.6/encodings/punycode.pyc imports=[('codecs', 0, 0, -1)] binaries=[] datas=[]>
encodings.iso2022_jp_2: None -> <Module encodings.iso2022_jp_2 /usr/lib/python2.6/encodings/iso2022_jp_2.pyc imports=[('_codecs_iso2022', 0, 0, -1), ('codecs', 0, 0, -1), ('_multibytecodec', 0, 0, -1)] binaries=[] datas=[]>
encodings.iso8859_6: None -> <Module encodings.iso8859_6 /usr/lib/python2.6/encodings/iso8859_6.pyc imports=[('codecs', 0, 0, -1)] binaries=[] datas=[]>
encodings.utf_7: None -> <Module encodings.utf_7 /usr/lib/python2.6/encodings/utf_7.pyc imports=[('codecs', 0, 0, -1)] binaries=[] datas=[]>
encodings.cp852: None -> <Module encodings.cp852 /usr/lib/python2.6/encodings/cp852.pyc imports=[('codecs', 0, 0, -1)] binaries=[] datas=[]>
encodings.iso2022_jp_1: None -> <Module encodings.iso2022_jp_1 /usr/lib/python2.6/encodings/iso2022_jp_1.pyc imports=[('_codecs_iso2022', 0, 0, -1), ('codecs', 0, 0, -1), ('_multibytecodec', 0, 0, -1)] binaries=[] datas=[]>
encodings.iso8859_8: None -> <Module encodings.iso8859_8 /usr/lib/python2.6/encodings/iso8859_8.pyc imports=[('codecs', 0, 0, -1)] binaries=[] datas=[]>
encodings.iso8859_10: None -> <Module encodings.iso8859_10 /usr/lib/python2.6/encodings/iso8859_10.pyc imports=[('codecs', 0, 0, -1)] binaries=[] datas=[]>
encodings.iso8859_7: None -> <Module encodings.iso8859_7 /usr/lib/python2.6/encodings/iso8859_7.pyc imports=[('codecs', 0, 0, -1)] binaries=[] datas=[]>
encodings.shift_jis_2004: None -> <Module encodings.shift_jis_2004 /usr/lib/python2.6/encodings/shift_jis_2004.pyc imports=[('_codecs_jp', 0, 0, -1), ('codecs', 0, 0, -1), ('_multibytecodec', 0, 0, -1)] binaries=[] datas=[]>
encodings.palmos: None -> <Module encodings.palmos /usr/lib/python2.6/encodings/palmos.pyc imports=[('codecs', 0, 0, -1)] binaries=[] datas=[]>
encodings.cp1250: None -> <Module encodings.cp1250 /usr/lib/python2.6/encodings/cp1250.pyc imports=[('codecs', 0, 0, -1)] binaries=[] datas=[]>
encodings.mac_cyrillic: None -> <Module encodings.mac_cyrillic /usr/lib/python2.6/encodings/mac_cyrillic.pyc imports=[('codecs', 0, 0, -1)] binaries=[] datas=[]>
encodings.cp1257: None -> <Module encodings.cp1257 /usr/lib/python2.6/encodings/cp1257.pyc imports=[('codecs', 0, 0, -1)] binaries=[] datas=[]>
encodings.utf_16_be: None -> <Module encodings.utf_16_be /usr/lib/python2.6/encodings/utf_16_be.pyc imports=[('codecs', 0, 0, -1)] binaries=[] datas=[]>
encodings.cp865: None -> <Module encodings.cp865 /usr/lib/python2.6/encodings/cp865.pyc imports=[('codecs', 0, 0, -1)] binaries=[] datas=[]>
encodings.cp1251: None -> <Module encodings.cp1251 /usr/lib/python2.6/encodings/cp1251.pyc imports=[('codecs', 0, 0, -1)] binaries=[] datas=[]>
encodings.iso2022_jp_2004: None -> <Module encodings.iso2022_jp_2004 /usr/lib/python2.6/encodings/iso2022_jp_2004.pyc imports=[('_codecs_iso2022', 0, 0, -1), ('codecs', 0, 0, -1), ('_multibytecodec', 0, 0, -1)] binaries=[] datas=[]>
encodings.iso8859_13: None -> <Module encodings.iso8859_13 /usr/lib/python2.6/encodings/iso8859_13.pyc imports=[('codecs', 0, 0, -1)] binaries=[] datas=[]>
encodings.iso8859_4: None -> <Module encodings.iso8859_4 /usr/lib/python2.6/encodings/iso8859_4.pyc imports=[('codecs', 0, 0, -1)] binaries=[] datas=[]>
encodings.iso8859_11: None -> <Module encodings.iso8859_11 /usr/lib/python2.6/encodings/iso8859_11.pyc imports=[('codecs', 0, 0, -1)] binaries=[] datas=[]>
encodings.cp932: None -> <Module encodings.cp932 /usr/lib/python2.6/encodings/cp932.pyc imports=[('_codecs_jp', 0, 0, -1), ('codecs', 0, 0, -1), ('_multibytecodec', 0, 0, -1)] binaries=[] datas=[]>
encodings.iso8859_5: None -> <Module encodings.iso8859_5 /usr/lib/python2.6/encodings/iso8859_5.pyc imports=[('codecs', 0, 0, -1)] binaries=[] datas=[]>
encodings.tis_620: None -> <Module encodings.tis_620 /usr/lib/python2.6/encodings/tis_620.pyc imports=[('codecs', 0, 0, -1)] binaries=[] datas=[]>
encodings.gb18030: None -> <Module encodings.gb18030 /usr/lib/python2.6/encodings/gb18030.pyc imports=[('_codecs_cn', 0, 0, -1), ('codecs', 0, 0, -1), ('_multibytecodec', 0, 0, -1)] binaries=[] datas=[]>
encodings.charmap: None -> <Module encodings.charmap /usr/lib/python2.6/encodings/charmap.pyc imports=[('codecs', 0, 0, -1)] binaries=[] datas=[]>
encodings.cp864: None -> <Module encodings.cp864 /usr/lib/python2.6/encodings/cp864.pyc imports=[('codecs', 0, 0, -1)] binaries=[] datas=[]>
encodings.cp1255: None -> <Module encodings.cp1255 /usr/lib/python2.6/encodings/cp1255.pyc imports=[('codecs', 0, 0, -1)] binaries=[] datas=[]>
encodings.cp862: None -> <Module encodings.cp862 /usr/lib/python2.6/encodings/cp862.pyc imports=[('codecs', 0, 0, -1)] binaries=[] datas=[]>
encodings.shift_jis: None -> <Module encodings.shift_jis /usr/lib/python2.6/encodings/shift_jis.pyc imports=[('_codecs_jp', 0, 0, -1), ('codecs', 0, 0, -1), ('_multibytecodec', 0, 0, -1)] binaries=[] datas=[]>
encodings.big5: None -> <Module encodings.big5 /usr/lib/python2.6/encodings/big5.pyc imports=[('_codecs_tw', 0, 0, -1), ('codecs', 0, 0, -1), ('_multibytecodec', 0, 0, -1)] binaries=[] datas=[]>
encodings.iso8859_15: None -> <Module encodings.iso8859_15 /usr/lib/python2.6/encodings/iso8859_15.pyc imports=[('codecs', 0, 0, -1)] binaries=[] datas=[]>
encodings.cp874: None -> <Module encodings.cp874 /usr/lib/python2.6/encodings/cp874.pyc imports=[('codecs', 0, 0, -1)] binaries=[] datas=[]>
encodings.idna: None -> <Module encodings.idna /usr/lib/python2.6/encodings/idna.pyc imports=[('stringprep', 0, 0, -1), ('re', 0, 0, -1), ('codecs', 0, 0, -1), ('unicodedata', 0, 0, -1), ('unicodedata.ucd_3_2_0', 0, 0, -1)] binaries=[] datas=[]>
encodings.string_escape: None -> <Module encodings.string_escape /usr/lib/python2.6/encodings/string_escape.pyc imports=[('codecs', 0, 0, -1)] binaries=[] datas=[]>
encodings.iso2022_jp_ext: None -> <Module encodings.iso2022_jp_ext /usr/lib/python2.6/encodings/iso2022_jp_ext.pyc imports=[('_codecs_iso2022', 0, 0, -1), ('codecs', 0, 0, -1), ('_multibytecodec', 0, 0, -1)] binaries=[] datas=[]>
encodings.unicode_internal: None -> <Module encodings.unicode_internal /usr/lib/python2.6/encodings/unicode_internal.pyc imports=[('codecs', 0, 0, -1)] binaries=[] datas=[]>
encodings.gbk: None -> <Module encodings.gbk /usr/lib/python2.6/encodings/gbk.pyc imports=[('_codecs_cn', 0, 0, -1), ('codecs', 0, 0, -1), ('_multibytecodec', 0, 0, -1)] binaries=[] datas=[]>
encodings.cp775: None -> <Module encodings.cp775 /usr/lib/python2.6/encodings/cp775.pyc imports=[('codecs', 0, 0, -1)] binaries=[] datas=[]>
encodings.undefined: None -> <Module encodings.undefined /usr/lib/python2.6/encodings/undefined.pyc imports=[('codecs', 0, 0, -1)] binaries=[] datas=[]>
encodings.cp950: None -> <Module encodings.cp950 /usr/lib/python2.6/encodings/cp950.pyc imports=[('_codecs_tw', 0, 0, -1), ('codecs', 0, 0, -1), ('_multibytecodec', 0, 0, -1)] binaries=[] datas=[]>
encodings.cp1140: None -> <Module encodings.cp1140 /usr/lib/python2.6/encodings/cp1140.pyc imports=[('codecs', 0, 0, -1)] binaries=[] datas=[]>
encodings.unicode_escape: None -> <Module encodings.unicode_escape /usr/lib/python2.6/encodings/unicode_escape.pyc imports=[('codecs', 0, 0, -1)] binaries=[] datas=[]>
encodings.shift_jisx0213: None -> <Module encodings.shift_jisx0213 /usr/lib/python2.6/encodings/shift_jisx0213.pyc imports=[('_codecs_jp', 0, 0, -1), ('codecs', 0, 0, -1), ('_multibytecodec', 0, 0, -1)] binaries=[] datas=[]>
encodings.utf_16: None -> <Module encodings.utf_16 /usr/lib/python2.6/encodings/utf_16.pyc imports=[('codecs', 0, 0, -1), ('sys', 0, 0, -1)] binaries=[] datas=[]>
encodings.mac_romanian: None -> <Module encodings.mac_romanian /usr/lib/python2.6/encodings/mac_romanian.pyc imports=[('codecs', 0, 0, -1)] binaries=[] datas=[]>
encodings.hp_roman8: None -> <Module encodings.hp_roman8 /usr/lib/python2.6/encodings/hp_roman8.pyc imports=[('codecs', 0, 0, -1)] binaries=[] datas=[]>
encodings.iso8859_1: None -> <Module encodings.iso8859_1 /usr/lib/python2.6/encodings/iso8859_1.pyc imports=[('codecs', 0, 0, -1)] binaries=[] datas=[]>
_codecs: None -> <Module _codecs None imports=[] binaries=[] datas=[]>
encodings.quopri: None -> None
quopri: None -> <Module quopri /usr/lib/python2.6/quopri.pyc imports=[('binascii', 0, 0, -1), ('binascii.a2b_qp', 0, 0, -1), ('binascii.b2a_qp', 0, 0, -1), ('cStringIO', 1, 0, -1), ('cStringIO.StringIO', 1, 0, -1), ('cStringIO', 1, 0, -1), ('cStringIO.StringIO', 1, 0, -1), ('sys', 1, 0, -1), ('getopt', 1, 0, -1)] binaries=[] datas=[]>
encodings.cStringIO: None -> None
cStringIO: None -> <Module cStringIO None imports=[] binaries=[] datas=[]>
encodings.StringIO: None -> None
StringIO: None -> <Module StringIO /usr/lib/python2.6/StringIO.pyc imports=[('errno', 0, 0, -1), ('errno.EINVAL', 0, 0, -1), ('sys', 1, 0, -1)] binaries=[] datas=[]>
binascii: None -> <Module binascii None imports=[] binaries=[] datas=[]>
getopt: None -> <Module getopt /usr/lib/python2.6/getopt.pyc imports=[('os', 0, 0, -1), ('sys', 0, 1, -1)] binaries=[] datas=[]>
encodings.base64: None -> None
base64: None -> <Module base64 /usr/lib/python2.6/base64.pyc imports=[('re', 0, 0, -1), ('struct', 0, 0, -1), ('binascii', 0, 0, -1), ('sys', 1, 0, -1), ('getopt', 1, 0, -1)] binaries=[] datas=[]>
encodings._codecs_hk: None -> None
_codecs_hk: None -> <Module _codecs_hk /usr/lib/python2.6/lib-dynload/_codecs_hk.so imports=[] binaries=[] datas=[]>
encodings._multibytecodec: None -> None
_multibytecodec: None -> <Module _multibytecodec /usr/lib/python2.6/lib-dynload/_multibytecodec.so imports=[] binaries=[] datas=[]>
encodings._codecs_iso2022: None -> None
_codecs_iso2022: None -> <Module _codecs_iso2022 /usr/lib/python2.6/lib-dynload/_codecs_iso2022.so imports=[] binaries=[] datas=[]>
encodings._codecs_jp: None -> None
_codecs_jp: None -> <Module _codecs_jp /usr/lib/python2.6/lib-dynload/_codecs_jp.so imports=[] binaries=[] datas=[]>
encodings._codecs_cn: None -> None
_codecs_cn: None -> <Module _codecs_cn /usr/lib/python2.6/lib-dynload/_codecs_cn.so imports=[] binaries=[] datas=[]>
encodings.binascii: None -> None
encodings.sys: None -> None
encodings._codecs_kr: None -> None
_codecs_kr: None -> <Module _codecs_kr /usr/lib/python2.6/lib-dynload/_codecs_kr.so imports=[] binaries=[] datas=[]>
encodings.bz2: None -> None
bz2: None -> <Module bz2 /usr/lib/python2.6/lib-dynload/bz2.so imports=[] binaries=[] datas=[]>
encodings.zlib: None -> None
encodings._codecs_tw: None -> None
_codecs_tw: None -> <Module _codecs_tw /usr/lib/python2.6/lib-dynload/_codecs_tw.so imports=[] binaries=[] datas=[]>
encodings.stringprep: None -> None
stringprep: None -> <Module stringprep /usr/lib/python2.6/stringprep.pyc imports=[('unicodedata', 0, 0, -1), ('unicodedata.ucd_3_2_0', 0, 0, -1)] binaries=[] datas=[]>
encodings.re: None -> None
encodings.unicodedata: None -> None
unicodedata: None -> <Module unicodedata None imports=[] binaries=[] datas=[]>
optparse: None -> <Module optparse /usr/lib/python2.6/optparse.pyc imports=[('sys', 0, 0, -1), ('os', 0, 0, -1), ('types', 0, 0, -1), ('textwrap', 0, 0, -1), ('gettext', 0, 0, -1), ('gettext.gettext', 0, 0, -1), ('__builtin__', 1, 1, -1)] binaries=[] datas=[]>
textwrap: None -> <Module textwrap /usr/lib/python2.6/textwrap.pyc imports=[('string', 0, 0, -1), ('re', 0, 0, -1)] binaries=[] datas=[]>
gettext: None -> <Module gettext /usr/lib/python2.6/gettext.pyc imports=[('locale', 0, 0, -1), ('copy', 0, 0, -1), ('os', 0, 0, -1), ('re', 0, 0, -1), ('struct', 0, 0, -1), ('sys', 0, 0, -1), ('errno', 0, 0, -1), ('errno.ENOENT', 0, 0, -1), ('cStringIO', 1, 0, -1), ('cStringIO.StringIO', 1, 0, -1), ('StringIO', 1, 1, -1), ('StringIO.StringIO', 1, 1, -1), ('token', 1, 0, -1), ('tokenize', 1, 0, -1), ('locale', 1, 0, -1), ('locale.normalize', 1, 0, -1), ('__builtin__', 1, 0, -1)] binaries=[] datas=[]>
token: None -> <Module token /usr/lib/python2.6/token.pyc imports=[('re', 1, 0, -1), ('sys', 1, 0, -1)] binaries=[] datas=[]>
tokenize: None -> <Module tokenize /usr/lib/python2.6/tokenize.pyc imports=[('string', 0, 0, -1), ('re', 0, 0, -1), ('token', 0, 0, -1), ('token.*', 0, 0, -1), ('token', 0, 0, -1), ('sys', 0, 1, -1)] binaries=[] datas=[]>
_collections: None -> <Module _collections None imports=[] binaries=[] datas=[]>
keyword: None -> <Module keyword /usr/lib/python2.6/keyword.pyc imports=[('sys', 1, 0, -1), ('re', 1, 0, -1)] binaries=[] datas=[]>
cPickle: None -> <Module cPickle None imports=[] binaries=[] datas=[]>
doctest: None -> <Module doctest /usr/lib/python2.6/doctest.pyc imports=[('__future__', 0, 0, -1), ('sys', 0, 0, -1), ('traceback', 0, 0, -1), ('inspect', 0, 0, -1), ('linecache', 0, 0, -1), ('os', 0, 0, -1), ('re', 0, 0, -1), ('unittest', 0, 0, -1), ('difflib', 0, 0, -1), ('pdb', 0, 0, -1), ('tempfile', 0, 0, -1), ('warnings', 0, 0, -1), ('StringIO', 0, 0, -1), ('StringIO.StringIO', 0, 0, -1), ('collections', 0, 0, -1), ('collections.namedtuple', 0, 0, -1), ('types', 1, 0, -1), ('types', 1, 0, -1), ('pdb', 1, 0, -1)] binaries=[] datas=[]>
__future__: None -> <Module __future__ /usr/lib/python2.6/__future__.pyc imports=[] binaries=[] datas=[]>
inspect: None -> <Module inspect /usr/lib/python2.6/inspect.pyc imports=[('sys', 0, 0, -1), ('os', 0, 0, -1), ('types', 0, 0, -1), ('string', 0, 0, -1), ('re', 0, 0, -1), ('dis', 0, 0, -1), ('imp', 0, 0, -1), ('tokenize', 0, 0, -1), ('linecache', 0, 0, -1), ('operator', 0, 0, -1), ('operator.attrgetter', 0, 0, -1), ('collections', 0, 0, -1), ('collections.namedtuple', 0, 0, -1)] binaries=[] datas=[]>
unittest: None -> <Module unittest /usr/lib/python2.6/unittest.pyc imports=[('time', 0, 0, -1), ('sys', 0, 0, -1), ('traceback', 0, 0, -1), ('os', 0, 0, -1), ('types', 0, 0, -1), ('__builtin__', 1, 0, -1), ('getopt', 1, 0, -1)] binaries=[] datas=[]>
difflib: None -> <Module difflib /usr/lib/python2.6/difflib.pyc imports=[('heapq', 0, 0, -1), ('collections', 0, 0, -1), ('collections.namedtuple', 0, 0, -1), ('functools', 0, 0, -1), ('functools.reduce', 0, 0, -1), ('re', 0, 0, -1), ('re', 1, 0, -1), ('doctest', 1, 0, -1), ('difflib', 1, 0, -1)] binaries=[] datas=[]>
pdb: None -> <Module pdb /usr/lib/python2.6/pdb.pyc imports=[('sys', 0, 0, -1), ('linecache', 0, 0, -1), ('cmd', 0, 0, -1), ('bdb', 0, 0, -1), ('repr', 0, 0, -1), ('repr.Repr', 0, 0, -1), ('os', 0, 0, -1), ('re', 0, 0, -1), ('pprint', 0, 0, -1), ('traceback', 0, 0, -1), ('pdb', 0, 1, -1), ('readline', 1, 0, -1), ('shlex', 1, 1, -1), ('__main__', 1, 0, -1)] binaries=[] datas=[]>
tempfile: None -> <Module tempfile /usr/lib/python2.6/tempfile.pyc imports=[('os', 0, 0, -1), ('errno', 0, 0, -1), ('random', 0, 0, -1), ('random.Random', 0, 0, -1), ('cStringIO', 0, 0, -1), ('cStringIO.StringIO', 0, 0, -1), ('StringIO', 0, 1, -1), ('StringIO.StringIO', 0, 1, -1), ('fcntl', 0, 0, -1), ('thread', 0, 0, -1), ('dummy_thread', 0, 1, -1)] binaries=[] datas=[]>
dis: None -> <Module dis /usr/lib/python2.6/dis.pyc imports=[('sys', 0, 0, -1), ('types', 0, 0, -1), ('opcode', 0, 0, -1), ('opcode.*', 0, 0, -1), ('opcode', 0, 0, -1), ('opcode.__all__', 0, 0, -1)] binaries=[] datas=[]>
opcode: None -> <Module opcode /usr/lib/python2.6/opcode.pyc imports=[] binaries=[] datas=[]>
heapq: None -> <Module heapq /usr/lib/python2.6/heapq.pyc imports=[('itertools', 0, 0, -1), ('itertools.islice', 0, 0, -1), ('itertools.repeat', 0, 0, -1), ('itertools.count', 0, 0, -1), ('itertools.imap', 0, 0, -1), ('itertools.izip', 0, 0, -1), ('itertools.tee', 0, 0, -1), ('operator', 0, 0, -1), ('operator.itemgetter', 0, 0, -1), ('operator.neg', 0, 0, -1), ('bisect', 0, 0, -1), ('_heapq', 0, 0, -1), ('_heapq.heappush', 0, 0, -1), ('_heapq.heappop', 0, 0, -1), ('_heapq.heapify', 0, 0, -1), ('_heapq.heapreplace', 0, 0, -1), ('_heapq.nlargest', 0, 0, -1), ('_heapq.nsmallest', 0, 0, -1), ('_heapq.heappushpop', 0, 0, -1), ('doctest', 0, 1, -1)] binaries=[] datas=[]>
bisect: None -> <Module bisect /usr/lib/python2.6/bisect.pyc imports=[('_bisect', 0, 0, -1), ('_bisect.bisect_right', 0, 0, -1), ('_bisect.bisect_left', 0, 0, -1), ('_bisect.insort_left', 0, 0, -1), ('_bisect.insort_right', 0, 0, -1), ('_bisect.insort', 0, 0, -1), ('_bisect.bisect', 0, 0, -1)] binaries=[] datas=[]>
_heapq: None -> <Module _heapq /usr/lib/python2.6/lib-dynload/_heapq.so imports=[] binaries=[] datas=[]>
_bisect: None -> <Module _bisect None imports=[] binaries=[] datas=[]>
cmd: None -> <Module cmd /usr/lib/python2.6/cmd.pyc imports=[('string', 0, 0, -1), ('sys', 1, 0, -1), ('readline', 1, 1, -1), ('readline', 1, 1, -1), ('readline', 1, 1, -1)] binaries=[] datas=[]>
bdb: None -> <Module bdb /usr/lib/python2.6/bdb.pyc imports=[('sys', 0, 0, -1), ('os', 0, 0, -1), ('types', 0, 0, -1), ('linecache', 1, 0, -1), ('linecache', 1, 0, -1), ('linecache', 1, 0, -1), ('repr', 1, 0, -1), ('__main__', 1, 1, -1), ('__main__', 1, 1, -1), ('linecache', 1, 0, -1)] binaries=[] datas=[]>
pprint: None -> <Module pprint /usr/lib/python2.6/pprint.pyc imports=[('sys', 0, 0, -1), ('warnings', 0, 0, -1), ('cStringIO', 0, 0, -1), ('cStringIO.StringIO', 0, 0, -1), ('time', 1, 0, -1)] binaries=[] datas=[]>
readline: None -> <Module readline /usr/lib/python2.6/lib-dynload/readline.so imports=[] binaries=[] datas=[]>
shlex: None -> <Module shlex /usr/lib/python2.6/shlex.pyc imports=[('os.path', 0, 0, -1), ('sys', 0, 0, -1), ('collections', 0, 0, -1), ('collections.deque', 0, 0, -1), ('cStringIO', 0, 0, -1), ('cStringIO.StringIO', 0, 0, -1), ('StringIO', 0, 1, -1), ('StringIO.StringIO', 0, 1, -1)] binaries=[] datas=[]>
__main__: None -> <Module __main__ None imports=[] binaries=[] datas=[]>
math: None -> <Module math None imports=[] binaries=[] datas=[]>
_random: None -> <Module _random None imports=[] binaries=[] datas=[]>
org: None -> None
  DEL org
org: None -> None
  DEL org
